 TESTS OF THE DOUBLE PRECISION LEVEL 3 BLAS

 THE FOLLOWING PARAMETER VALUES WILL BE USED:
   FOR N                   0     1     2     3     5     9
   FOR ALPHA              .0   1.0    .7
   FOR BETA               .0   1.0   1.3

 ROUTINES PASS COMPUTATIONAL TESTS IF TEST RATIO IS LESS THAN   16.00

 RELATIVE MACHINE PRECISION IS TAKEN TO BE  1.1E-19

 DGEMM  PASSED THE TESTS OF ERROR-EXITS

 DGEMM  COMPLETED THE COMPUTATIONAL TESTS ( 17496 CALLS)
 ******* BUT WITH MAXIMUM TEST RATIO 2826.61 - SUSPECT *******

 DSYMM  PASSED THE TESTS OF ERROR-EXITS

 DSYMM  COMPLETED THE COMPUTATIONAL TESTS (  1296 CALLS)
 ******* BUT WITH MAXIMUM TEST RATIO 2784.20 - SUSPECT *******

 DTRMM  PASSED THE TESTS OF ERROR-EXITS

 DTRMM  COMPLETED THE COMPUTATIONAL TESTS (  2592 CALLS)
 ******* BUT WITH MAXIMUM TEST RATIO 3600.87 - SUSPECT *******

 DTRSM  PASSED THE TESTS OF ERROR-EXITS

 DTRSM  COMPLETED THE COMPUTATIONAL TESTS (  2592 CALLS)
 ******* BUT WITH MAXIMUM TEST RATIO 2429.10 - SUSPECT *******

 DSYRK  PASSED THE TESTS OF ERROR-EXITS

 DSYRK  COMPLETED THE COMPUTATIONAL TESTS (  1944 CALLS)
 ******* BUT WITH MAXIMUM TEST RATIO 3203.19 - SUSPECT *******

 DSYR2K PASSED THE TESTS OF ERROR-EXITS

 DSYR2K COMPLETED THE COMPUTATIONAL TESTS (  1944 CALLS)
 ******* BUT WITH MAXIMUM TEST RATIO 3478.62 - SUSPECT *******

 END OF TESTS
