 Complex BLAS Test Program Results


 Test of subprogram number  1            ZDOTC 
                                       FAIL

 CASE  N INCX INCY MODE  I                             COMP(I)                             TRUE(I)  DIFFERENCE     SIZE(I)

    1  1    1    1 9999  1                       .90000000E+00                       .90000000E+00  -.1110E-15   .9000E+00
    1  1    1    1 9999  2                       .60000000E-01                       .60000000E-01   .5551E-16   .9000E+00
    1  2    1    1 9999  1                       .91000000E+00                       .91000000E+00  -.1110E-15   .1630E+01
    1  2    1    1 9999  2                      -.77000000E+00                      -.77000000E+00   .1110E-15   .1730E+01
    1  4    1    1 9999  1                       .18000000E+01                       .18000000E+01  -.2220E-15   .2900E+01
    1  1    2   -2 9999  1                       .90000000E+00                       .90000000E+00  -.1110E-15   .9000E+00
    1  1    2   -2 9999  2                       .60000000E-01                       .60000000E-01   .5551E-16   .9000E+00
    1  4    2   -2 9999  1                       .20000000E+00                       .20000000E+00  -.1388E-15   .2900E+01
    1  1   -2    1 9999  1                       .90000000E+00                       .90000000E+00  -.1110E-15   .9000E+00
    1  1   -2    1 9999  2                       .60000000E-01                       .60000000E-01   .5551E-16   .9000E+00
    1  2   -2    1 9999  2                       .23000000E+00                       .23000000E+00  -.1110E-15   .1730E+01
    1  1   -1   -2 9999  1                       .90000000E+00                       .90000000E+00  -.1110E-15   .9000E+00
    1  1   -1   -2 9999  2                       .60000000E-01                       .60000000E-01   .5551E-16   .9000E+00
    1  4   -1   -2 9999  2                       .12200000E+01                       .12200000E+01   .2220E-15   .2780E+01

 Test of subprogram number  2            ZDOTU 
                                       FAIL

 CASE  N INCX INCY MODE  I                             COMP(I)                             TRUE(I)  DIFFERENCE     SIZE(I)

    2  1    1    1 9999  1                      -.60000000E-01                      -.60000000E-01  -.5551E-16   .9000E+00
    2  1    1    1 9999  2                      -.90000000E+00                      -.90000000E+00   .1110E-15   .9000E+00
    2  2    1    1 9999  1                       .65000000E+00                       .65000000E+00  -.1110E-15   .1630E+01
    2  1    2   -2 9999  1                      -.60000000E-01                      -.60000000E-01  -.5551E-16   .9000E+00
    2  1    2   -2 9999  2                      -.90000000E+00                      -.90000000E+00   .1110E-15   .9000E+00
    2  2    2   -2 9999  1                      -.59000000E+00                      -.59000000E+00  -.1110E-15   .1630E+01
    2  1   -2    1 9999  1                      -.60000000E-01                      -.60000000E-01  -.5551E-16   .9000E+00
    2  1   -2    1 9999  2                      -.90000000E+00                      -.90000000E+00   .1110E-15   .9000E+00
    2  2   -2    1 9999  2                       .59000000E+00                       .59000000E+00   .1110E-15   .1730E+01
    2  1   -1   -2 9999  1                      -.60000000E-01                      -.60000000E-01  -.5551E-16   .9000E+00
    2  1   -1   -2 9999  2                      -.90000000E+00                      -.90000000E+00   .1110E-15   .9000E+00

 Test of subprogram number  3            ZAXPY 
                                       FAIL

 CASE  N INCX INCY MODE  I                             COMP(I)                             TRUE(I)  DIFFERENCE     SIZE(I)

    3  4    1    1 9999  8                      -.96000000E+00                      -.96000000E+00  -.1110E-15   .1540E+01
    3  4    2   -2 9999  1                       .78000000E+00                       .78000000E+00  -.1110E-15   .1540E+01
    3  4    2   -2 9999  5                       .60000000E-01                       .60000000E-01  -.6939E-16   .1540E+01
    3  4   -2    1 9999  1                       .78000000E+00                       .78000000E+00  -.1110E-15   .1540E+01

 Test of subprogram number  4            ZCOPY 
                                    ----- PASS -----

 Test of subprogram number  5            ZSWAP 
                                    ----- PASS -----

 Test of subprogram number  6            DZNRM2
                                    ----- PASS -----

 Test of subprogram number  7            DZASUM
                                       FAIL

 CASE  N INCX INCY MODE  I                             COMP(I)                             TRUE(I)  DIFFERENCE     SIZE(I)

    7  4    1 9999 9999  1                       .16000000E+01                       .16000000E+01  -.2220E-15   .1600E+01
    7  4    2 9999 9999  1                       .16000000E+01                       .16000000E+01  -.2220E-15   .1600E+01

 Test of subprogram number  8            ZSCAL 
                                       FAIL

 CASE  N INCX INCY MODE  I                             COMP(I)                             TRUE(I)  DIFFERENCE     SIZE(I)

    8  2    1 9999 9999  1                      -.17000000E+00                      -.17000000E+00   .2776E-16  -.1700E+00
    8  2    1 9999 9999  4                      -.39000000E+00                      -.39000000E+00   .5551E-16  -.3900E+00
    8  3    1 9999 9999  2                      -.30000000E-01                      -.30000000E-01   .3469E-17  -.3000E-01
    8  3    1 9999 9999  4                       .46000000E+00                       .46000000E+00  -.5551E-16   .4600E+00
    8  3    1 9999 9999  5                      -.17000000E+00                      -.17000000E+00   .2776E-16  -.1700E+00
    8  4    1 9999 9999  2                      -.17000000E+00                      -.17000000E+00   .2776E-16  -.1700E+00
    8  4    1 9999 9999  7                       .14000000E+00                       .14000000E+00  -.2776E-16   .1400E+00
    8  4    1 9999 9999  8                       .80000000E-01                       .80000000E-01   .1388E-16   .8000E-01
    8  2    2 9999 9999  1                      -.17000000E+00                      -.17000000E+00   .2776E-16  -.1700E+00
    8  2    2 9999 9999  6                      -.39000000E+00                      -.39000000E+00   .5551E-16  -.3900E+00
    8  3    2 9999 9999  2                      -.30000000E-01                      -.30000000E-01   .3469E-17  -.3000E-01
    8  3    2 9999 9999  6                       .46000000E+00                       .46000000E+00  -.5551E-16   .4600E+00
    8  3    2 9999 9999  9                      -.17000000E+00                      -.17000000E+00   .2776E-16  -.1700E+00
    8  4    2 9999 9999  2                      -.17000000E+00                      -.17000000E+00   .2776E-16  -.1700E+00
    8  4    2 9999 9999 13                       .14000000E+00                       .14000000E+00  -.2776E-16   .1400E+00
    8  4    2 9999 9999 14                       .80000000E-01                       .80000000E-01   .1388E-16   .8000E-01

 Test of subprogram number  9            ZDSCAL
                                    ----- PASS -----

 Test of subprogram number 10            IZAMAX
                                    ----- PASS -----
