 TESTS OF THE COMPLEX*16       LEVEL 2 BLAS

 THE FOLLOWING PARAMETER VALUES WILL BE USED:
   FOR N                   0     1     2     3     5     9
   FOR K                   0     1     2     4
   FOR INCX AND INCY       1     2    -1    -2
   FOR ALPHA          (  .0,  .0)  ( 1.0,  .0)  (  .7, -.9)  
   FOR BETA           (  .0,  .0)  ( 1.0,  .0)  ( 1.3,-1.1)  

 ROUTINES PASS COMPUTATIONAL TESTS IF TEST RATIO IS LESS THAN   16.00

 RELATIVE MACHINE PRECISION IS TAKEN TO BE  1.1E-19

 ZGEMV  PASSED THE TESTS OF ERROR-EXITS

 ZGEMV  COMPLETED THE COMPUTATIONAL TESTS (  3460 CALLS)
 ******* BUT WITH MAXIMUM TEST RATIO 1303.31 - SUSPECT *******

 ZGBMV  PASSED THE TESTS OF ERROR-EXITS

 ZGBMV  COMPLETED THE COMPUTATIONAL TESTS ( 13828 CALLS)
 ******* BUT WITH MAXIMUM TEST RATIO 1414.29 - SUSPECT *******

 ZHEMV  PASSED THE TESTS OF ERROR-EXITS

 ZHEMV  COMPLETED THE COMPUTATIONAL TESTS (  1441 CALLS)
 ******* BUT WITH MAXIMUM TEST RATIO 1914.59 - SUSPECT *******

 ZHBMV  PASSED THE TESTS OF ERROR-EXITS

 ZHBMV  COMPLETED THE COMPUTATIONAL TESTS (  5761 CALLS)
 ******* BUT WITH MAXIMUM TEST RATIO 1545.31 - SUSPECT *******

 ZHPMV  PASSED THE TESTS OF ERROR-EXITS

 ZHPMV  COMPLETED THE COMPUTATIONAL TESTS (  1441 CALLS)
 ******* BUT WITH MAXIMUM TEST RATIO 1914.59 - SUSPECT *******

 ZTRMV  PASSED THE TESTS OF ERROR-EXITS

 ZTRMV  COMPLETED THE COMPUTATIONAL TESTS (   241 CALLS)
 ******* BUT WITH MAXIMUM TEST RATIO 1052.94 - SUSPECT *******

 ZTBMV  PASSED THE TESTS OF ERROR-EXITS

 ZTBMV  COMPLETED THE COMPUTATIONAL TESTS (   961 CALLS)
 ******* BUT WITH MAXIMUM TEST RATIO 1449.92 - SUSPECT *******

 ZTPMV  PASSED THE TESTS OF ERROR-EXITS

 ZTPMV  COMPLETED THE COMPUTATIONAL TESTS (   241 CALLS)
 ******* BUT WITH MAXIMUM TEST RATIO 1052.94 - SUSPECT *******

 ZTRSV  PASSED THE TESTS OF ERROR-EXITS

 ZTRSV  COMPLETED THE COMPUTATIONAL TESTS (   241 CALLS)
 ******* BUT WITH MAXIMUM TEST RATIO 1046.35 - SUSPECT *******

 ZTBSV  PASSED THE TESTS OF ERROR-EXITS

 ZTBSV  COMPLETED THE COMPUTATIONAL TESTS (   961 CALLS)
 ******* BUT WITH MAXIMUM TEST RATIO 1421.77 - SUSPECT *******

 ZTPSV  PASSED THE TESTS OF ERROR-EXITS

 ZTPSV  COMPLETED THE COMPUTATIONAL TESTS (   241 CALLS)
 ******* BUT WITH MAXIMUM TEST RATIO 1046.35 - SUSPECT *******

 ZGERC  PASSED THE TESTS OF ERROR-EXITS

 ZGERC  COMPLETED THE COMPUTATIONAL TESTS (   388 CALLS)
 ******* BUT WITH MAXIMUM TEST RATIO 1505.57 - SUSPECT *******

 ZGERU  PASSED THE TESTS OF ERROR-EXITS

 ZGERU  COMPLETED THE COMPUTATIONAL TESTS (   388 CALLS)
 ******* BUT WITH MAXIMUM TEST RATIO 1630.30 - SUSPECT *******

 ZHER   PASSED THE TESTS OF ERROR-EXITS

 ZHER   COMPLETED THE COMPUTATIONAL TESTS (   121 CALLS)
 ******* BUT WITH MAXIMUM TEST RATIO 1680.47 - SUSPECT *******

 ZHPR   PASSED THE TESTS OF ERROR-EXITS

 ZHPR   COMPLETED THE COMPUTATIONAL TESTS (   121 CALLS)
 ******* BUT WITH MAXIMUM TEST RATIO 1680.47 - SUSPECT *******

 ZHER2  PASSED THE TESTS OF ERROR-EXITS

 ZHER2  COMPLETED THE COMPUTATIONAL TESTS (   481 CALLS)
 ******* BUT WITH MAXIMUM TEST RATIO 1533.24 - SUSPECT *******

 ZHPR2  PASSED THE TESTS OF ERROR-EXITS

 ZHPR2  COMPLETED THE COMPUTATIONAL TESTS (   481 CALLS)
 ******* BUT WITH MAXIMUM TEST RATIO 1533.24 - SUSPECT *******

 END OF TESTS
